[2025/10/19 23:36:29]: §9          __             _       
[2025/10/19 23:36:29]: §9  _ __   / /  ___   __ _(_)_ __  
[2025/10/19 23:36:29]: §9 | '_ \ / /  / _ \ / _` | | '_ \ 
[2025/10/19 23:36:29]: §9 | | | / /__| (_) | (_| | | | | |
[2025/10/19 23:36:29]: §9 |_| |_\____/\___/ \__, |_|_| |_|
[2025/10/19 23:36:29]: §9                  |___/            
[2025/10/19 23:36:29]: §9 By: www.nickuc.com - V 10.4.23 DEVELOPMENT
[2025/10/19 23:36:29]: §9 
[2025/10/19 23:36:29]: §3[nLogin] [DEBUG] All settings were loaded in 96 ms.
[2025/10/19 23:36:29]: §3[nLogin] [DEBUG] Loading the messages_es.yml message file...
[2025/10/19 23:36:29]: §3[nLogin] [DEBUG] All plugin messages were loaded in 47 ms (languageByClient=false).
[2025/10/19 23:36:29]: §3[nLogin] [DEBUG] All proxy settings were loaded in 1 ms.
[2025/10/19 23:36:29]: §3[nLogin] [DEBUG] Loading database...
[2025/10/19 23:36:30]: §3[nLogin] [DEBUG] Starting logger filter...
[2025/10/19 23:36:38]: 
[2025/10/19 23:36:38]:  §bThank you so much for choosing nLogin! §4<3
[2025/10/19 23:36:38]: 
[2025/10/19 23:36:38]:  §4For your safety, please read the message below:
[2025/10/19 23:36:38]:   §cNever download nLogin from unknown sources.
[2025/10/19 23:36:38]:   §cA modified version may contain malicious software.
[2025/10/19 23:36:38]: 
[2025/10/19 23:36:38]:  §3Trusted sources:
[2025/10/19 23:36:38]:   §bwww.nickuc.com
[2025/10/19 23:36:38]:   §bwww.github.com/nickuc
[2025/10/19 23:36:38]:   §bOpeNLogin installer (from Spigot or GitHub)
[2025/10/19 23:36:38]: 
[2025/10/19 23:36:38]:  §3Official support channels:
[2025/10/19 23:36:38]:   §bDiscord group: §fwww.nickuc.com/discord
[2025/10/19 23:36:38]:   §bDocumentation: §fdocs.nickuc.com/nlogin/
[2025/10/19 23:36:38]:   §bEmail: §fsupport@nickuc.com
[2025/10/19 23:36:38]:   §bYouTube: §fyoutube.com/nickuc
[2025/10/19 23:36:38]: 
[2025/10/19 23:36:38]:  §eTo remove this warning, log in with "nlogin.admin" permission on the server
[2025/10/19 23:36:38]:  §eand click the "Setup plugin" button to configure your plugin.
[2025/10/19 23:36:38]: 
[2025/10/19 23:37:30]: [nLogin] The user AL5PT has successfully logged in.
[2025/10/19 23:37:44]: §3[nLogin] [DEBUG] [SQLite] [UPDATE]: "UPDATE `nlogin` SET `last_name` = 'AL5PT', `unique_id` = 3678aaa4193c3005aadb5e617b75fe27,  `mojang_id` = null,  `bedrock_id` = null,  `password` = '$2a$10$GgDnipUj6ucVtICWDQJM0uU/DntdgpeOm4/A2A4ONKH1UBwDqAXHu', `last_ip` = '127.228.67.30', `creation_date` = 2025-10-18 23:00:47.247, `last_seen` = 2025-10-19 23:37:44.742, `email` = null, `discord` = null, `settings` = '{"settings":[{"value":"es","key":"language"}],"version":0}' WHERE `ai` = 1" (applied to [last_ip, last_seen, settings] columns)
[2025/10/19 23:39:40]: [nLogin] Successful plugin core shutdown (took 0.00s)
