[2025/10/18 22:52:03]: §9          __             _       
[2025/10/18 22:52:03]: §9  _ __   / /  ___   __ _(_)_ __  
[2025/10/18 22:52:03]: §9 | '_ \ / /  / _ \ / _` | | '_ \ 
[2025/10/18 22:52:03]: §9 | | | / /__| (_) | (_| | | | | |
[2025/10/18 22:52:04]: §9 |_| |_\____/\___/ \__, |_|_| |_|
[2025/10/18 22:52:04]: §9                  |___/            
[2025/10/18 22:52:04]: §9 By: www.nickuc.com - V 10.4.23 DEVELOPMENT
[2025/10/18 22:52:04]: §9 
[2025/10/18 22:52:06]: §3[nLogin] [DEBUG] All settings were loaded in 769 ms.
[2025/10/18 22:52:06]: §3[nLogin] [DEBUG] Loading the messages_en.yml message file...
[2025/10/18 22:52:06]: §3[nLogin] [DEBUG] All plugin messages were loaded in 246 ms (languageByClient=false).
[2025/10/18 22:52:06]: §3[nLogin] [DEBUG] All proxy settings were loaded in 6 ms.
[2025/10/18 22:52:06]: §3[nLogin] [DEBUG] Loading database...
[2025/10/18 22:52:07]: §3[nLogin] [DEBUG] Starting logger filter...
[2025/10/18 22:52:36]: 
[2025/10/18 22:52:36]:  §bThank you so much for choosing nLogin! §4<3
[2025/10/18 22:52:36]: 
[2025/10/18 22:52:36]:  §4For your safety, please read the message below:
[2025/10/18 22:52:36]:   §cNever download nLogin from unknown sources.
[2025/10/18 22:52:36]:   §cA modified version may contain malicious software.
[2025/10/18 22:52:36]: 
[2025/10/18 22:52:36]:  §3Trusted sources:
[2025/10/18 22:52:36]:   §bwww.nickuc.com
[2025/10/18 22:52:36]:   §bwww.github.com/nickuc
[2025/10/18 22:52:36]:   §bOpeNLogin installer (from Spigot or GitHub)
[2025/10/18 22:52:36]: 
[2025/10/18 22:52:36]:  §3Official support channels:
[2025/10/18 22:52:36]:   §bDiscord group: §fwww.nickuc.com/discord
[2025/10/18 22:52:36]:   §bDocumentation: §fdocs.nickuc.com/nlogin/
[2025/10/18 22:52:36]:   §bEmail: §fsupport@nickuc.com
[2025/10/18 22:52:36]:   §bYouTube: §fyoutube.com/nickuc
[2025/10/18 22:52:36]: 
[2025/10/18 22:52:36]:  §eTo remove this warning, log in with "nlogin.admin" permission on the server
[2025/10/18 22:52:36]:  §eand click the "Setup plugin" button to configure your plugin.
[2025/10/18 22:52:36]: 
[2025/10/18 23:00:47]: §3[nLogin] [DEBUG] [SQLite] [UPDATE]: "INSERT INTO `nlogin` (`last_name`, `unique_id`, `mojang_id`, `bedrock_id`, `password`, `last_ip`, `creation_date`, `last_seen`, `email`, `discord`, `settings`) VALUES ('AL5PT', 3678aaa4193c3005aadb5e617b75fe27, null, null, '$2a$10$GgDnipUj6ucVtICWDQJM0uU/DntdgpeOm4/A2A4ONKH1UBwDqAXHu', '127.242.235.16', '2025-10-18 23:00:47.247', '2025-10-18 23:00:47.247', null, null, '{"settings":[{"value":true,"key":"force-invalid-session"}],"version":0}')" (applied to all columns)
[2025/10/18 23:00:47]: §3[nLogin] [DEBUG] Loading the messages_es.yml message file...
[2025/10/18 23:00:47]: [nLogin] The user AL5PT has successfully registered.
[2025/10/18 23:00:51]: §3[nLogin] [DEBUG] All settings were loaded in 57 ms.
[2025/10/18 23:00:51]: §3[nLogin] [DEBUG] Loading the messages_es.yml message file...
[2025/10/18 23:00:51]: §3[nLogin] [DEBUG] The file config.yml was migrated to es language.
[2025/10/18 23:00:51]: §3[nLogin] [DEBUG] All plugin messages were loaded in 146 ms (languageByClient=false).
[2025/10/18 23:00:51]: §3[nLogin] [DEBUG] All proxy settings were loaded in 0 ms.
[2025/10/18 23:13:21]: [nLogin] Successful plugin core shutdown (took 0.00s)
