25.10.2025 - 21:49:24 - [TAB v5.3.2] Failed to enable. Did you just invent a new way to break the plugin by misconfiguring it?
25.10.2025 - 21:49:24 - java.lang.NullPointerException: Cannot invoke "Object.toString()" because "o" is null
25.10.2025 - 21:49:24 - 	at TAB v5.3.2.jar//me.neznamy.tab.shared.config.file.ConfigurationSection.lambda$getStringList$1(ConfigurationSection.java:85)
25.10.2025 - 21:49:24 - 	at java.base/java.util.stream.ReferencePipeline$3$1.accept(ReferencePipeline.java:197)
25.10.2025 - 21:49:24 - 	at java.base/java.util.ArrayList$ArrayListSpliterator.forEachRemaining(ArrayList.java:1708)
25.10.2025 - 21:49:24 - 	at java.base/java.util.stream.AbstractPipeline.copyInto(AbstractPipeline.java:509)
25.10.2025 - 21:49:24 - 	at java.base/java.util.stream.AbstractPipeline.wrapAndCopyInto(AbstractPipeline.java:499)
25.10.2025 - 21:49:24 - 	at java.base/java.util.stream.ReduceOps$ReduceOp.evaluateSequential(ReduceOps.java:921)
25.10.2025 - 21:49:24 - 	at java.base/java.util.stream.AbstractPipeline.evaluate(AbstractPipeline.java:234)
25.10.2025 - 21:49:24 - 	at java.base/java.util.stream.ReferencePipeline.collect(ReferencePipeline.java:682)
25.10.2025 - 21:49:24 - 	at TAB v5.3.2.jar//me.neznamy.tab.shared.config.file.ConfigurationSection.getStringList(ConfigurationSection.java:85)
25.10.2025 - 21:49:24 - 	at TAB v5.3.2.jar//me.neznamy.tab.shared.features.scoreboard.ScoreboardConfiguration$ScoreboardDefinition.fromSection(ScoreboardConfiguration.java:106)
25.10.2025 - 21:49:24 - 	at TAB v5.3.2.jar//me.neznamy.tab.shared.features.scoreboard.ScoreboardConfiguration.fromSection(ScoreboardConfiguration.java:48)
25.10.2025 - 21:49:24 - 	at TAB v5.3.2.jar//me.neznamy.tab.shared.config.files.Config.<init>(Config.java:107)
25.10.2025 - 21:49:24 - 	at TAB v5.3.2.jar//me.neznamy.tab.shared.config.Configs.<init>(Configs.java:34)
25.10.2025 - 21:49:24 - 	at TAB v5.3.2.jar//me.neznamy.tab.shared.TAB.load(TAB.java:190)
25.10.2025 - 21:49:24 - 	at TAB v5.3.2.jar//me.neznamy.tab.shared.command.DisabledCommand.execute(DisabledCommand.java:29)
25.10.2025 - 21:49:24 - 	at TAB v5.3.2.jar//me.neznamy.tab.platforms.bukkit.BukkitTabCommand.onCommand(BukkitTabCommand.java:26)
25.10.2025 - 21:49:24 - 	at org.bukkit.command.PluginCommand.execute(PluginCommand.java:45)
25.10.2025 - 21:49:24 - 	at io.papermc.paper.command.brigadier.bukkit.BukkitCommandNode$BukkitBrigCommand.run(BukkitCommandNode.java:91)
25.10.2025 - 21:49:24 - 	at com.mojang.brigadier.context.ContextChain.runExecutable(ContextChain.java:73)
25.10.2025 - 21:49:24 - 	at net.minecraft.commands.execution.tasks.ExecuteCommand.execute(ExecuteCommand.java:31)
25.10.2025 - 21:49:24 - 	at net.minecraft.commands.execution.tasks.ExecuteCommand.execute(ExecuteCommand.java:19)
25.10.2025 - 21:49:24 - 	at net.minecraft.commands.execution.UnboundEntryAction.lambda$bind$0(UnboundEntryAction.java:8)
25.10.2025 - 21:49:24 - 	at net.minecraft.commands.execution.CommandQueueEntry.execute(CommandQueueEntry.java:5)
25.10.2025 - 21:49:24 - 	at net.minecraft.commands.execution.ExecutionContext.runCommandQueue(ExecutionContext.java:103)
25.10.2025 - 21:49:24 - 	at net.minecraft.commands.Commands.executeCommandInContext(Commands.java:443)
25.10.2025 - 21:49:24 - 	at net.minecraft.commands.Commands.performCommand(Commands.java:350)
25.10.2025 - 21:49:24 - 	at net.minecraft.commands.Commands.performCommand(Commands.java:337)
25.10.2025 - 21:49:24 - 	at net.minecraft.commands.Commands.performCommand(Commands.java:332)
25.10.2025 - 21:49:24 - 	at net.minecraft.server.network.ServerGamePacketListenerImpl.performUnsignedChatCommand(ServerGamePacketListenerImpl.java:2147)
25.10.2025 - 21:49:24 - 	at net.minecraft.server.network.ServerGamePacketListenerImpl.lambda$handleChatCommand$11(ServerGamePacketListenerImpl.java:2121)
25.10.2025 - 21:49:24 - 	at net.minecraft.server.TickTask.run(TickTask.java:18)
25.10.2025 - 21:49:24 - 	at net.minecraft.util.thread.BlockableEventLoop.doRunTask(BlockableEventLoop.java:151)
25.10.2025 - 21:49:24 - 	at net.minecraft.util.thread.ReentrantBlockableEventLoop.doRunTask(ReentrantBlockableEventLoop.java:24)
25.10.2025 - 21:49:24 - 	at net.minecraft.server.MinecraftServer.doRunTask(MinecraftServer.java:1537)
25.10.2025 - 21:49:24 - 	at net.minecraft.server.MinecraftServer.doRunTask(MinecraftServer.java:201)
25.10.2025 - 21:49:24 - 	at net.minecraft.util.thread.BlockableEventLoop.pollTask(BlockableEventLoop.java:125)
25.10.2025 - 21:49:24 - 	at net.minecraft.server.MinecraftServer.pollTaskInternal(MinecraftServer.java:1514)
25.10.2025 - 21:49:24 - 	at net.minecraft.server.MinecraftServer.pollTask(MinecraftServer.java:1507)
25.10.2025 - 21:49:24 - 	at net.minecraft.util.thread.BlockableEventLoop.managedBlock(BlockableEventLoop.java:135)
25.10.2025 - 21:49:24 - 	at net.minecraft.server.MinecraftServer.managedBlock(MinecraftServer.java:1466)
25.10.2025 - 21:49:24 - 	at net.minecraft.server.MinecraftServer.waitUntilNextTick(MinecraftServer.java:1473)
25.10.2025 - 21:49:24 - 	at net.minecraft.server.MinecraftServer.runServer(MinecraftServer.java:1318)
25.10.2025 - 21:49:24 - 	at net.minecraft.server.MinecraftServer.lambda$spin$0(MinecraftServer.java:330)
25.10.2025 - 21:49:24 - 	at java.base/java.lang.Thread.run(Thread.java:1583)
25.10.2025 - 21:50:11 - [TAB v5.3.2] Failed to enable. Did you just invent a new way to break the plugin by misconfiguring it?
25.10.2025 - 21:50:11 - java.lang.NullPointerException: Cannot invoke "Object.toString()" because "o" is null
25.10.2025 - 21:50:11 - 	at TAB v5.3.2.jar//me.neznamy.tab.shared.config.file.ConfigurationSection.lambda$getStringList$1(ConfigurationSection.java:85)
25.10.2025 - 21:50:11 - 	at java.base/java.util.stream.ReferencePipeline$3$1.accept(ReferencePipeline.java:197)
25.10.2025 - 21:50:11 - 	at java.base/java.util.ArrayList$ArrayListSpliterator.forEachRemaining(ArrayList.java:1708)
25.10.2025 - 21:50:11 - 	at java.base/java.util.stream.AbstractPipeline.copyInto(AbstractPipeline.java:509)
25.10.2025 - 21:50:11 - 	at java.base/java.util.stream.AbstractPipeline.wrapAndCopyInto(AbstractPipeline.java:499)
25.10.2025 - 21:50:11 - 	at java.base/java.util.stream.ReduceOps$ReduceOp.evaluateSequential(ReduceOps.java:921)
25.10.2025 - 21:50:11 - 	at java.base/java.util.stream.AbstractPipeline.evaluate(AbstractPipeline.java:234)
25.10.2025 - 21:50:11 - 	at java.base/java.util.stream.ReferencePipeline.collect(ReferencePipeline.java:682)
25.10.2025 - 21:50:11 - 	at TAB v5.3.2.jar//me.neznamy.tab.shared.config.file.ConfigurationSection.getStringList(ConfigurationSection.java:85)
25.10.2025 - 21:50:11 - 	at TAB v5.3.2.jar//me.neznamy.tab.shared.features.scoreboard.ScoreboardConfiguration$ScoreboardDefinition.fromSection(ScoreboardConfiguration.java:106)
25.10.2025 - 21:50:11 - 	at TAB v5.3.2.jar//me.neznamy.tab.shared.features.scoreboard.ScoreboardConfiguration.fromSection(ScoreboardConfiguration.java:48)
25.10.2025 - 21:50:11 - 	at TAB v5.3.2.jar//me.neznamy.tab.shared.config.files.Config.<init>(Config.java:107)
25.10.2025 - 21:50:11 - 	at TAB v5.3.2.jar//me.neznamy.tab.shared.config.Configs.<init>(Configs.java:34)
25.10.2025 - 21:50:11 - 	at TAB v5.3.2.jar//me.neznamy.tab.shared.TAB.load(TAB.java:190)
25.10.2025 - 21:50:11 - 	at TAB v5.3.2.jar//me.neznamy.tab.shared.command.DisabledCommand.execute(DisabledCommand.java:29)
25.10.2025 - 21:50:11 - 	at TAB v5.3.2.jar//me.neznamy.tab.platforms.bukkit.BukkitTabCommand.onCommand(BukkitTabCommand.java:26)
25.10.2025 - 21:50:11 - 	at org.bukkit.command.PluginCommand.execute(PluginCommand.java:45)
25.10.2025 - 21:50:11 - 	at io.papermc.paper.command.brigadier.bukkit.BukkitCommandNode$BukkitBrigCommand.run(BukkitCommandNode.java:91)
25.10.2025 - 21:50:11 - 	at com.mojang.brigadier.context.ContextChain.runExecutable(ContextChain.java:73)
25.10.2025 - 21:50:11 - 	at net.minecraft.commands.execution.tasks.ExecuteCommand.execute(ExecuteCommand.java:31)
25.10.2025 - 21:50:11 - 	at net.minecraft.commands.execution.tasks.ExecuteCommand.execute(ExecuteCommand.java:19)
25.10.2025 - 21:50:11 - 	at net.minecraft.commands.execution.UnboundEntryAction.lambda$bind$0(UnboundEntryAction.java:8)
25.10.2025 - 21:50:11 - 	at net.minecraft.commands.execution.CommandQueueEntry.execute(CommandQueueEntry.java:5)
25.10.2025 - 21:50:11 - 	at net.minecraft.commands.execution.ExecutionContext.runCommandQueue(ExecutionContext.java:103)
25.10.2025 - 21:50:11 - 	at net.minecraft.commands.Commands.executeCommandInContext(Commands.java:443)
25.10.2025 - 21:50:11 - 	at net.minecraft.commands.Commands.performCommand(Commands.java:350)
25.10.2025 - 21:50:11 - 	at net.minecraft.commands.Commands.performCommand(Commands.java:337)
25.10.2025 - 21:50:11 - 	at net.minecraft.commands.Commands.performCommand(Commands.java:332)
25.10.2025 - 21:50:11 - 	at net.minecraft.server.network.ServerGamePacketListenerImpl.performUnsignedChatCommand(ServerGamePacketListenerImpl.java:2147)
25.10.2025 - 21:50:11 - 	at net.minecraft.server.network.ServerGamePacketListenerImpl.lambda$handleChatCommand$11(ServerGamePacketListenerImpl.java:2121)
25.10.2025 - 21:50:11 - 	at net.minecraft.server.TickTask.run(TickTask.java:18)
25.10.2025 - 21:50:11 - 	at net.minecraft.util.thread.BlockableEventLoop.doRunTask(BlockableEventLoop.java:151)
25.10.2025 - 21:50:11 - 	at net.minecraft.util.thread.ReentrantBlockableEventLoop.doRunTask(ReentrantBlockableEventLoop.java:24)
25.10.2025 - 21:50:11 - 	at net.minecraft.server.MinecraftServer.doRunTask(MinecraftServer.java:1537)
25.10.2025 - 21:50:11 - 	at net.minecraft.server.MinecraftServer.doRunTask(MinecraftServer.java:201)
25.10.2025 - 21:50:11 - 	at net.minecraft.util.thread.BlockableEventLoop.pollTask(BlockableEventLoop.java:125)
25.10.2025 - 21:50:11 - 	at net.minecraft.server.MinecraftServer.pollTaskInternal(MinecraftServer.java:1514)
25.10.2025 - 21:50:11 - 	at net.minecraft.server.MinecraftServer.pollTask(MinecraftServer.java:1507)
25.10.2025 - 21:50:11 - 	at net.minecraft.util.thread.BlockableEventLoop.managedBlock(BlockableEventLoop.java:135)
25.10.2025 - 21:50:11 - 	at net.minecraft.server.MinecraftServer.managedBlock(MinecraftServer.java:1466)
25.10.2025 - 21:50:11 - 	at net.minecraft.server.MinecraftServer.waitUntilNextTick(MinecraftServer.java:1473)
25.10.2025 - 21:50:11 - 	at net.minecraft.server.MinecraftServer.runServer(MinecraftServer.java:1318)
25.10.2025 - 21:50:11 - 	at net.minecraft.server.MinecraftServer.lambda$spin$0(MinecraftServer.java:330)
25.10.2025 - 21:50:11 - 	at java.base/java.lang.Thread.run(Thread.java:1583)
25.10.2025 - 21:51:52 - [TAB v5.3.2] Failed to enable. Did you just invent a new way to break the plugin by misconfiguring it?
25.10.2025 - 21:51:52 - java.lang.NullPointerException: Cannot invoke "Object.toString()" because "o" is null
25.10.2025 - 21:51:52 - 	at TAB v5.3.2.jar//me.neznamy.tab.shared.config.file.ConfigurationSection.lambda$getStringList$1(ConfigurationSection.java:85)
25.10.2025 - 21:51:52 - 	at java.base/java.util.stream.ReferencePipeline$3$1.accept(ReferencePipeline.java:197)
25.10.2025 - 21:51:52 - 	at java.base/java.util.ArrayList$ArrayListSpliterator.forEachRemaining(ArrayList.java:1708)
25.10.2025 - 21:51:52 - 	at java.base/java.util.stream.AbstractPipeline.copyInto(AbstractPipeline.java:509)
25.10.2025 - 21:51:52 - 	at java.base/java.util.stream.AbstractPipeline.wrapAndCopyInto(AbstractPipeline.java:499)
25.10.2025 - 21:51:52 - 	at java.base/java.util.stream.ReduceOps$ReduceOp.evaluateSequential(ReduceOps.java:921)
25.10.2025 - 21:51:52 - 	at java.base/java.util.stream.AbstractPipeline.evaluate(AbstractPipeline.java:234)
25.10.2025 - 21:51:52 - 	at java.base/java.util.stream.ReferencePipeline.collect(ReferencePipeline.java:682)
25.10.2025 - 21:51:52 - 	at TAB v5.3.2.jar//me.neznamy.tab.shared.config.file.ConfigurationSection.getStringList(ConfigurationSection.java:85)
25.10.2025 - 21:51:52 - 	at TAB v5.3.2.jar//me.neznamy.tab.shared.features.scoreboard.ScoreboardConfiguration$ScoreboardDefinition.fromSection(ScoreboardConfiguration.java:106)
25.10.2025 - 21:51:52 - 	at TAB v5.3.2.jar//me.neznamy.tab.shared.features.scoreboard.ScoreboardConfiguration.fromSection(ScoreboardConfiguration.java:48)
25.10.2025 - 21:51:52 - 	at TAB v5.3.2.jar//me.neznamy.tab.shared.config.files.Config.<init>(Config.java:107)
25.10.2025 - 21:51:52 - 	at TAB v5.3.2.jar//me.neznamy.tab.shared.config.Configs.<init>(Configs.java:34)
25.10.2025 - 21:51:52 - 	at TAB v5.3.2.jar//me.neznamy.tab.shared.TAB.load(TAB.java:190)
25.10.2025 - 21:51:52 - 	at TAB v5.3.2.jar//me.neznamy.tab.shared.TAB.create(TAB.java:125)
25.10.2025 - 21:51:52 - 	at TAB v5.3.2.jar//me.neznamy.tab.platforms.bukkit.BukkitTAB.onEnable(BukkitTAB.java:19)
25.10.2025 - 21:51:52 - 	at org.bukkit.plugin.java.JavaPlugin.setEnabled(JavaPlugin.java:288)
25.10.2025 - 21:51:52 - 	at io.papermc.paper.plugin.manager.PaperPluginInstanceManager.enablePlugin(PaperPluginInstanceManager.java:202)
25.10.2025 - 21:51:52 - 	at io.papermc.paper.plugin.manager.PaperPluginManagerImpl.enablePlugin(PaperPluginManagerImpl.java:109)
25.10.2025 - 21:51:52 - 	at org.bukkit.plugin.SimplePluginManager.enablePlugin(SimplePluginManager.java:520)
25.10.2025 - 21:51:52 - 	at org.bukkit.craftbukkit.CraftServer.enablePlugin(CraftServer.java:640)
25.10.2025 - 21:51:52 - 	at org.bukkit.craftbukkit.CraftServer.enablePlugins(CraftServer.java:589)
25.10.2025 - 21:51:52 - 	at net.minecraft.server.MinecraftServer.loadWorld0(MinecraftServer.java:754)
25.10.2025 - 21:51:52 - 	at net.minecraft.server.MinecraftServer.loadLevel(MinecraftServer.java:516)
25.10.2025 - 21:51:52 - 	at net.minecraft.server.dedicated.DedicatedServer.initServer(DedicatedServer.java:329)
25.10.2025 - 21:51:52 - 	at net.minecraft.server.MinecraftServer.runServer(MinecraftServer.java:1215)
25.10.2025 - 21:51:52 - 	at net.minecraft.server.MinecraftServer.lambda$spin$0(MinecraftServer.java:330)
25.10.2025 - 21:51:52 - 	at java.base/java.lang.Thread.run(Thread.java:1583)
25.10.2025 - 21:54:01 - [TAB v5.3.2] Failed to enable. Did you just invent a new way to break the plugin by misconfiguring it?
25.10.2025 - 21:54:01 - java.lang.NullPointerException: Cannot invoke "Object.toString()" because "o" is null
25.10.2025 - 21:54:01 - 	at TAB v5.3.2.jar//me.neznamy.tab.shared.config.file.ConfigurationSection.lambda$getStringList$1(ConfigurationSection.java:85)
25.10.2025 - 21:54:01 - 	at java.base/java.util.stream.ReferencePipeline$3$1.accept(ReferencePipeline.java:197)
25.10.2025 - 21:54:01 - 	at java.base/java.util.ArrayList$ArrayListSpliterator.forEachRemaining(ArrayList.java:1708)
25.10.2025 - 21:54:01 - 	at java.base/java.util.stream.AbstractPipeline.copyInto(AbstractPipeline.java:509)
25.10.2025 - 21:54:01 - 	at java.base/java.util.stream.AbstractPipeline.wrapAndCopyInto(AbstractPipeline.java:499)
25.10.2025 - 21:54:01 - 	at java.base/java.util.stream.ReduceOps$ReduceOp.evaluateSequential(ReduceOps.java:921)
25.10.2025 - 21:54:01 - 	at java.base/java.util.stream.AbstractPipeline.evaluate(AbstractPipeline.java:234)
25.10.2025 - 21:54:01 - 	at java.base/java.util.stream.ReferencePipeline.collect(ReferencePipeline.java:682)
25.10.2025 - 21:54:01 - 	at TAB v5.3.2.jar//me.neznamy.tab.shared.config.file.ConfigurationSection.getStringList(ConfigurationSection.java:85)
25.10.2025 - 21:54:01 - 	at TAB v5.3.2.jar//me.neznamy.tab.shared.features.scoreboard.ScoreboardConfiguration$ScoreboardDefinition.fromSection(ScoreboardConfiguration.java:106)
25.10.2025 - 21:54:01 - 	at TAB v5.3.2.jar//me.neznamy.tab.shared.features.scoreboard.ScoreboardConfiguration.fromSection(ScoreboardConfiguration.java:48)
25.10.2025 - 21:54:01 - 	at TAB v5.3.2.jar//me.neznamy.tab.shared.config.files.Config.<init>(Config.java:107)
25.10.2025 - 21:54:01 - 	at TAB v5.3.2.jar//me.neznamy.tab.shared.config.Configs.<init>(Configs.java:34)
25.10.2025 - 21:54:01 - 	at TAB v5.3.2.jar//me.neznamy.tab.shared.TAB.load(TAB.java:190)
25.10.2025 - 21:54:01 - 	at TAB v5.3.2.jar//me.neznamy.tab.shared.command.DisabledCommand.execute(DisabledCommand.java:29)
25.10.2025 - 21:54:01 - 	at TAB v5.3.2.jar//me.neznamy.tab.platforms.bukkit.BukkitTabCommand.onCommand(BukkitTabCommand.java:26)
25.10.2025 - 21:54:01 - 	at org.bukkit.command.PluginCommand.execute(PluginCommand.java:45)
25.10.2025 - 21:54:01 - 	at org.bukkit.command.SimpleCommandMap.dispatch(SimpleCommandMap.java:165)
25.10.2025 - 21:54:01 - 	at org.bukkit.craftbukkit.CraftServer.dispatchCommand(CraftServer.java:1000)
25.10.2025 - 21:54:01 - 	at org.bukkit.craftbukkit.CraftServer.dispatchServerCommand(CraftServer.java:985)
25.10.2025 - 21:54:01 - 	at net.minecraft.server.dedicated.DedicatedServer.handleConsoleInputs(DedicatedServer.java:526)
25.10.2025 - 21:54:01 - 	at net.minecraft.server.dedicated.DedicatedServer.tickChildren(DedicatedServer.java:474)
25.10.2025 - 21:54:01 - 	at net.minecraft.server.MinecraftServer.tickServer(MinecraftServer.java:1598)
25.10.2025 - 21:54:01 - 	at net.minecraft.server.MinecraftServer.runServer(MinecraftServer.java:1304)
25.10.2025 - 21:54:01 - 	at net.minecraft.server.MinecraftServer.lambda$spin$0(MinecraftServer.java:330)
25.10.2025 - 21:54:01 - 	at java.base/java.lang.Thread.run(Thread.java:1583)
25.10.2025 - 21:54:08 - [TAB v5.3.2] Failed to enable. Did you just invent a new way to break the plugin by misconfiguring it?
25.10.2025 - 21:54:08 - java.lang.NullPointerException: Cannot invoke "Object.toString()" because "o" is null
25.10.2025 - 21:54:08 - 	at TAB v5.3.2.jar//me.neznamy.tab.shared.config.file.ConfigurationSection.lambda$getStringList$1(ConfigurationSection.java:85)
25.10.2025 - 21:54:08 - 	at java.base/java.util.stream.ReferencePipeline$3$1.accept(ReferencePipeline.java:197)
25.10.2025 - 21:54:08 - 	at java.base/java.util.ArrayList$ArrayListSpliterator.forEachRemaining(ArrayList.java:1708)
25.10.2025 - 21:54:08 - 	at java.base/java.util.stream.AbstractPipeline.copyInto(AbstractPipeline.java:509)
25.10.2025 - 21:54:08 - 	at java.base/java.util.stream.AbstractPipeline.wrapAndCopyInto(AbstractPipeline.java:499)
25.10.2025 - 21:54:08 - 	at java.base/java.util.stream.ReduceOps$ReduceOp.evaluateSequential(ReduceOps.java:921)
25.10.2025 - 21:54:08 - 	at java.base/java.util.stream.AbstractPipeline.evaluate(AbstractPipeline.java:234)
25.10.2025 - 21:54:08 - 	at java.base/java.util.stream.ReferencePipeline.collect(ReferencePipeline.java:682)
25.10.2025 - 21:54:08 - 	at TAB v5.3.2.jar//me.neznamy.tab.shared.config.file.ConfigurationSection.getStringList(ConfigurationSection.java:85)
25.10.2025 - 21:54:08 - 	at TAB v5.3.2.jar//me.neznamy.tab.shared.features.scoreboard.ScoreboardConfiguration$ScoreboardDefinition.fromSection(ScoreboardConfiguration.java:106)
25.10.2025 - 21:54:08 - 	at TAB v5.3.2.jar//me.neznamy.tab.shared.features.scoreboard.ScoreboardConfiguration.fromSection(ScoreboardConfiguration.java:48)
25.10.2025 - 21:54:08 - 	at TAB v5.3.2.jar//me.neznamy.tab.shared.config.files.Config.<init>(Config.java:107)
25.10.2025 - 21:54:08 - 	at TAB v5.3.2.jar//me.neznamy.tab.shared.config.Configs.<init>(Configs.java:34)
25.10.2025 - 21:54:08 - 	at TAB v5.3.2.jar//me.neznamy.tab.shared.TAB.load(TAB.java:190)
25.10.2025 - 21:54:08 - 	at TAB v5.3.2.jar//me.neznamy.tab.shared.command.DisabledCommand.execute(DisabledCommand.java:29)
25.10.2025 - 21:54:08 - 	at TAB v5.3.2.jar//me.neznamy.tab.platforms.bukkit.BukkitTabCommand.onCommand(BukkitTabCommand.java:26)
25.10.2025 - 21:54:08 - 	at org.bukkit.command.PluginCommand.execute(PluginCommand.java:45)
25.10.2025 - 21:54:08 - 	at org.bukkit.command.SimpleCommandMap.dispatch(SimpleCommandMap.java:165)
25.10.2025 - 21:54:08 - 	at org.bukkit.craftbukkit.CraftServer.dispatchCommand(CraftServer.java:1000)
25.10.2025 - 21:54:08 - 	at org.bukkit.craftbukkit.CraftServer.dispatchServerCommand(CraftServer.java:985)
25.10.2025 - 21:54:08 - 	at net.minecraft.server.dedicated.DedicatedServer.handleConsoleInputs(DedicatedServer.java:526)
25.10.2025 - 21:54:08 - 	at net.minecraft.server.dedicated.DedicatedServer.tickChildren(DedicatedServer.java:474)
25.10.2025 - 21:54:08 - 	at net.minecraft.server.MinecraftServer.tickServer(MinecraftServer.java:1598)
25.10.2025 - 21:54:08 - 	at net.minecraft.server.MinecraftServer.runServer(MinecraftServer.java:1304)
25.10.2025 - 21:54:08 - 	at net.minecraft.server.MinecraftServer.lambda$spin$0(MinecraftServer.java:330)
25.10.2025 - 21:54:08 - 	at java.base/java.lang.Thread.run(Thread.java:1583)
25.10.2025 - 21:58:08 - [TAB v5.3.2] Failed to enable. Did you just invent a new way to break the plugin by misconfiguring it?
25.10.2025 - 21:58:08 - java.lang.NullPointerException: Cannot invoke "Object.toString()" because "o" is null
25.10.2025 - 21:58:08 - 	at TAB v5.3.2.jar//me.neznamy.tab.shared.config.file.ConfigurationSection.lambda$getStringList$1(ConfigurationSection.java:85)
25.10.2025 - 21:58:08 - 	at java.base/java.util.stream.ReferencePipeline$3$1.accept(ReferencePipeline.java:197)
25.10.2025 - 21:58:08 - 	at java.base/java.util.ArrayList$ArrayListSpliterator.forEachRemaining(ArrayList.java:1708)
25.10.2025 - 21:58:08 - 	at java.base/java.util.stream.AbstractPipeline.copyInto(AbstractPipeline.java:509)
25.10.2025 - 21:58:08 - 	at java.base/java.util.stream.AbstractPipeline.wrapAndCopyInto(AbstractPipeline.java:499)
25.10.2025 - 21:58:08 - 	at java.base/java.util.stream.ReduceOps$ReduceOp.evaluateSequential(ReduceOps.java:921)
25.10.2025 - 21:58:08 - 	at java.base/java.util.stream.AbstractPipeline.evaluate(AbstractPipeline.java:234)
25.10.2025 - 21:58:08 - 	at java.base/java.util.stream.ReferencePipeline.collect(ReferencePipeline.java:682)
25.10.2025 - 21:58:08 - 	at TAB v5.3.2.jar//me.neznamy.tab.shared.config.file.ConfigurationSection.getStringList(ConfigurationSection.java:85)
25.10.2025 - 21:58:08 - 	at TAB v5.3.2.jar//me.neznamy.tab.shared.features.scoreboard.ScoreboardConfiguration$ScoreboardDefinition.fromSection(ScoreboardConfiguration.java:106)
25.10.2025 - 21:58:08 - 	at TAB v5.3.2.jar//me.neznamy.tab.shared.features.scoreboard.ScoreboardConfiguration.fromSection(ScoreboardConfiguration.java:48)
25.10.2025 - 21:58:08 - 	at TAB v5.3.2.jar//me.neznamy.tab.shared.config.files.Config.<init>(Config.java:107)
25.10.2025 - 21:58:08 - 	at TAB v5.3.2.jar//me.neznamy.tab.shared.config.Configs.<init>(Configs.java:34)
25.10.2025 - 21:58:08 - 	at TAB v5.3.2.jar//me.neznamy.tab.shared.TAB.load(TAB.java:190)
25.10.2025 - 21:58:08 - 	at TAB v5.3.2.jar//me.neznamy.tab.shared.command.ReloadCommand.execute(ReloadCommand.java:24)
25.10.2025 - 21:58:08 - 	at TAB v5.3.2.jar//me.neznamy.tab.shared.command.TabCommand.execute(TabCommand.java:48)
25.10.2025 - 21:58:08 - 	at TAB v5.3.2.jar//me.neznamy.tab.platforms.bukkit.BukkitTabCommand.onCommand(BukkitTabCommand.java:35)
25.10.2025 - 21:58:08 - 	at org.bukkit.command.PluginCommand.execute(PluginCommand.java:45)
25.10.2025 - 21:58:08 - 	at io.papermc.paper.command.brigadier.bukkit.BukkitCommandNode$BukkitBrigCommand.run(BukkitCommandNode.java:91)
25.10.2025 - 21:58:08 - 	at com.mojang.brigadier.context.ContextChain.runExecutable(ContextChain.java:73)
25.10.2025 - 21:58:08 - 	at net.minecraft.commands.execution.tasks.ExecuteCommand.execute(ExecuteCommand.java:31)
25.10.2025 - 21:58:08 - 	at net.minecraft.commands.execution.tasks.ExecuteCommand.execute(ExecuteCommand.java:19)
25.10.2025 - 21:58:08 - 	at net.minecraft.commands.execution.UnboundEntryAction.lambda$bind$0(UnboundEntryAction.java:8)
25.10.2025 - 21:58:08 - 	at net.minecraft.commands.execution.CommandQueueEntry.execute(CommandQueueEntry.java:5)
25.10.2025 - 21:58:08 - 	at net.minecraft.commands.execution.ExecutionContext.runCommandQueue(ExecutionContext.java:103)
25.10.2025 - 21:58:08 - 	at net.minecraft.commands.Commands.executeCommandInContext(Commands.java:443)
25.10.2025 - 21:58:08 - 	at net.minecraft.commands.Commands.performCommand(Commands.java:350)
25.10.2025 - 21:58:08 - 	at net.minecraft.commands.Commands.performCommand(Commands.java:337)
25.10.2025 - 21:58:08 - 	at net.minecraft.commands.Commands.performCommand(Commands.java:332)
25.10.2025 - 21:58:08 - 	at net.minecraft.server.network.ServerGamePacketListenerImpl.performUnsignedChatCommand(ServerGamePacketListenerImpl.java:2147)
25.10.2025 - 21:58:08 - 	at net.minecraft.server.network.ServerGamePacketListenerImpl.lambda$handleChatCommand$11(ServerGamePacketListenerImpl.java:2121)
25.10.2025 - 21:58:08 - 	at net.minecraft.server.TickTask.run(TickTask.java:18)
25.10.2025 - 21:58:08 - 	at net.minecraft.util.thread.BlockableEventLoop.doRunTask(BlockableEventLoop.java:151)
25.10.2025 - 21:58:08 - 	at net.minecraft.util.thread.ReentrantBlockableEventLoop.doRunTask(ReentrantBlockableEventLoop.java:24)
25.10.2025 - 21:58:08 - 	at net.minecraft.server.MinecraftServer.doRunTask(MinecraftServer.java:1537)
25.10.2025 - 21:58:08 - 	at net.minecraft.server.MinecraftServer.doRunTask(MinecraftServer.java:201)
25.10.2025 - 21:58:08 - 	at net.minecraft.util.thread.BlockableEventLoop.pollTask(BlockableEventLoop.java:125)
25.10.2025 - 21:58:08 - 	at net.minecraft.server.MinecraftServer.pollTaskInternal(MinecraftServer.java:1514)
25.10.2025 - 21:58:08 - 	at net.minecraft.server.MinecraftServer.pollTask(MinecraftServer.java:1507)
25.10.2025 - 21:58:08 - 	at net.minecraft.util.thread.BlockableEventLoop.managedBlock(BlockableEventLoop.java:135)
25.10.2025 - 21:58:08 - 	at net.minecraft.server.MinecraftServer.managedBlock(MinecraftServer.java:1466)
25.10.2025 - 21:58:08 - 	at net.minecraft.server.MinecraftServer.waitUntilNextTick(MinecraftServer.java:1473)
25.10.2025 - 21:58:08 - 	at net.minecraft.server.MinecraftServer.runServer(MinecraftServer.java:1318)
25.10.2025 - 21:58:08 - 	at net.minecraft.server.MinecraftServer.lambda$spin$0(MinecraftServer.java:330)
25.10.2025 - 21:58:08 - 	at java.base/java.lang.Thread.run(Thread.java:1583)
