[23:28:05] [ServerMain/INFO]: [bootstrap] Running Java 21 (OpenJDK 64-Bit Server VM 21.0.8+9-Ubuntu-0ubuntu124.04.1; Ubuntu null) on Linux 6.8.0-1030-azure (amd64)
[23:28:05] [ServerMain/INFO]: [bootstrap] Loading Paper 1.21-130-master@b1b5d4c (2024-08-10T10:02:42Z) for Minecraft 1.21
[23:28:05] [ServerMain/INFO]: [PluginInitializerManager] Initializing plugins...
[23:28:06] [ServerMain/INFO]: [PluginInitializerManager] Initialized 15 plugins
[23:28:06] [ServerMain/INFO]: [PluginInitializerManager] Bukkit plugins (15):
 - Admin-GUI (1.9.0), AdvancedBan (2.3.0), ExecutableItems (7.25.10.21), GrimAC (2.3.72), LuckPerms (5.4.131), PlaceholderAPI (2.11.6), ProtocolLib (5.4.0), SCore (5.25.10.21), SkinsRestorer (15.8.2), TAB (5.3.2), Vault (1.7.3-b131), WorldEdit (7.3.9+6959-7adf70b), WorldGuard (7.0.12+829a4a4), nLogin (10.4.22), nonchat (1.5.4)
[23:28:10] [ServerMain/INFO]: Environment: Environment[sessionHost=https://sessionserver.mojang.com, servicesHost=https://api.minecraftservices.com, name=PROD]
[23:28:11] [ServerMain/INFO]: Loaded 1290 recipes
[23:28:11] [ServerMain/INFO]: Loaded 1399 advancements
[23:28:12] [Server thread/INFO]: Starting minecraft server version 1.21
[23:28:12] [Server thread/INFO]: Loading properties
[23:28:12] [Server thread/INFO]: This server is running Paper version 1.21-130-master@b1b5d4c (2024-08-10T10:02:42Z) (Implementing API version 1.21-R0.1-SNAPSHOT)
[23:28:12] [Server thread/INFO]: [spark] This server bundles the spark profiler. For more information please visit https://docs.papermc.io/paper/profiling
[23:28:12] [Server thread/INFO]: Server Ping Player Sample Count: 12
[23:28:12] [Server thread/INFO]: Using 4 threads for Netty based IO
[23:28:13] [Server thread/INFO]: [ChunkTaskScheduler] Chunk system is using 1 I/O threads, 1 worker threads, and population gen parallelism of 1 threads
[23:28:13] [Server thread/INFO]: Default game type: SURVIVAL
[23:28:13] [Server thread/INFO]: Generating keypair
[23:28:13] [Server thread/INFO]: Starting Minecraft server on *:25565
[23:28:13] [Server thread/INFO]: Using epoll channel type
[23:28:13] [Server thread/INFO]: Paper: Using libdeflate (Linux x86_64) compression from Velocity.
[23:28:13] [Server thread/INFO]: Paper: Using OpenSSL 3.0.x (Linux x86_64) cipher from Velocity.
[23:28:14] [Server thread/INFO]: [SpigotLibraryLoader] [SCore] Loading 1 libraries... please wait
[23:28:14] [Server thread/INFO]: [SpigotLibraryLoader] [SCore] Loaded library /workspaces/hola-v/servidor_minecraft/libraries/io/netty/netty-all/4.1.118.Final/netty-all-4.1.118.Final.jar
[23:28:14] [Server thread/INFO]: [SpigotLibraryLoader] [SCore] Loaded library /workspaces/hola-v/servidor_minecraft/libraries/io/netty/netty-buffer/4.1.118.Final/netty-buffer-4.1.118.Final.jar
[23:28:14] [Server thread/INFO]: [SpigotLibraryLoader] [SCore] Loaded library /workspaces/hola-v/servidor_minecraft/libraries/io/netty/netty-codec/4.1.118.Final/netty-codec-4.1.118.Final.jar
[23:28:14] [Server thread/INFO]: [SpigotLibraryLoader] [SCore] Loaded library /workspaces/hola-v/servidor_minecraft/libraries/io/netty/netty-codec-dns/4.1.118.Final/netty-codec-dns-4.1.118.Final.jar
[23:28:14] [Server thread/INFO]: [SpigotLibraryLoader] [SCore] Loaded library /workspaces/hola-v/servidor_minecraft/libraries/io/netty/netty-codec-haproxy/4.1.118.Final/netty-codec-haproxy-4.1.118.Final.jar
[23:28:14] [Server thread/INFO]: [SpigotLibraryLoader] [SCore] Loaded library /workspaces/hola-v/servidor_minecraft/libraries/io/netty/netty-codec-http/4.1.118.Final/netty-codec-http-4.1.118.Final.jar
[23:28:14] [Server thread/INFO]: [SpigotLibraryLoader] [SCore] Loaded library /workspaces/hola-v/servidor_minecraft/libraries/io/netty/netty-codec-http2/4.1.118.Final/netty-codec-http2-4.1.118.Final.jar
[23:28:14] [Server thread/INFO]: [SpigotLibraryLoader] [SCore] Loaded library /workspaces/hola-v/servidor_minecraft/libraries/io/netty/netty-codec-memcache/4.1.118.Final/netty-codec-memcache-4.1.118.Final.jar
[23:28:14] [Server thread/INFO]: [SpigotLibraryLoader] [SCore] Loaded library /workspaces/hola-v/servidor_minecraft/libraries/io/netty/netty-codec-mqtt/4.1.118.Final/netty-codec-mqtt-4.1.118.Final.jar
[23:28:14] [Server thread/INFO]: [SpigotLibraryLoader] [SCore] Loaded library /workspaces/hola-v/servidor_minecraft/libraries/io/netty/netty-codec-redis/4.1.118.Final/netty-codec-redis-4.1.118.Final.jar
[23:28:14] [Server thread/INFO]: [SpigotLibraryLoader] [SCore] Loaded library /workspaces/hola-v/servidor_minecraft/libraries/io/netty/netty-codec-smtp/4.1.118.Final/netty-codec-smtp-4.1.118.Final.jar
[23:28:14] [Server thread/INFO]: [SpigotLibraryLoader] [SCore] Loaded library /workspaces/hola-v/servidor_minecraft/libraries/io/netty/netty-codec-socks/4.1.118.Final/netty-codec-socks-4.1.118.Final.jar
[23:28:14] [Server thread/INFO]: [SpigotLibraryLoader] [SCore] Loaded library /workspaces/hola-v/servidor_minecraft/libraries/io/netty/netty-codec-stomp/4.1.118.Final/netty-codec-stomp-4.1.118.Final.jar
[23:28:14] [Server thread/INFO]: [SpigotLibraryLoader] [SCore] Loaded library /workspaces/hola-v/servidor_minecraft/libraries/io/netty/netty-codec-xml/4.1.118.Final/netty-codec-xml-4.1.118.Final.jar
[23:28:14] [Server thread/INFO]: [SpigotLibraryLoader] [SCore] Loaded library /workspaces/hola-v/servidor_minecraft/libraries/io/netty/netty-common/4.1.118.Final/netty-common-4.1.118.Final.jar
[23:28:14] [Server thread/INFO]: [SpigotLibraryLoader] [SCore] Loaded library /workspaces/hola-v/servidor_minecraft/libraries/io/netty/netty-handler/4.1.118.Final/netty-handler-4.1.118.Final.jar
[23:28:14] [Server thread/INFO]: [SpigotLibraryLoader] [SCore] Loaded library /workspaces/hola-v/servidor_minecraft/libraries/io/netty/netty-transport-native-unix-common/4.1.118.Final/netty-transport-native-unix-common-4.1.118.Final.jar
[23:28:14] [Server thread/INFO]: [SpigotLibraryLoader] [SCore] Loaded library /workspaces/hola-v/servidor_minecraft/libraries/io/netty/netty-handler-proxy/4.1.118.Final/netty-handler-proxy-4.1.118.Final.jar
[23:28:14] [Server thread/INFO]: [SpigotLibraryLoader] [SCore] Loaded library /workspaces/hola-v/servidor_minecraft/libraries/io/netty/netty-handler-ssl-ocsp/4.1.118.Final/netty-handler-ssl-ocsp-4.1.118.Final.jar
[23:28:14] [Server thread/INFO]: [SpigotLibraryLoader] [SCore] Loaded library /workspaces/hola-v/servidor_minecraft/libraries/io/netty/netty-resolver/4.1.118.Final/netty-resolver-4.1.118.Final.jar
[23:28:14] [Server thread/INFO]: [SpigotLibraryLoader] [SCore] Loaded library /workspaces/hola-v/servidor_minecraft/libraries/io/netty/netty-resolver-dns/4.1.118.Final/netty-resolver-dns-4.1.118.Final.jar
[23:28:14] [Server thread/INFO]: [SpigotLibraryLoader] [SCore] Loaded library /workspaces/hola-v/servidor_minecraft/libraries/io/netty/netty-transport/4.1.118.Final/netty-transport-4.1.118.Final.jar
[23:28:14] [Server thread/INFO]: [SpigotLibraryLoader] [SCore] Loaded library /workspaces/hola-v/servidor_minecraft/libraries/io/netty/netty-transport-rxtx/4.1.118.Final/netty-transport-rxtx-4.1.118.Final.jar
[23:28:14] [Server thread/INFO]: [SpigotLibraryLoader] [SCore] Loaded library /workspaces/hola-v/servidor_minecraft/libraries/io/netty/netty-transport-sctp/4.1.118.Final/netty-transport-sctp-4.1.118.Final.jar
[23:28:14] [Server thread/INFO]: [SpigotLibraryLoader] [SCore] Loaded library /workspaces/hola-v/servidor_minecraft/libraries/io/netty/netty-transport-udt/4.1.118.Final/netty-transport-udt-4.1.118.Final.jar
[23:28:14] [Server thread/INFO]: [SpigotLibraryLoader] [SCore] Loaded library /workspaces/hola-v/servidor_minecraft/libraries/io/netty/netty-transport-classes-epoll/4.1.118.Final/netty-transport-classes-epoll-4.1.118.Final.jar
[23:28:14] [Server thread/INFO]: [SpigotLibraryLoader] [SCore] Loaded library /workspaces/hola-v/servidor_minecraft/libraries/io/netty/netty-transport-classes-kqueue/4.1.118.Final/netty-transport-classes-kqueue-4.1.118.Final.jar
[23:28:14] [Server thread/INFO]: [SpigotLibraryLoader] [SCore] Loaded library /workspaces/hola-v/servidor_minecraft/libraries/io/netty/netty-resolver-dns-classes-macos/4.1.118.Final/netty-resolver-dns-classes-macos-4.1.118.Final.jar
[23:28:14] [Server thread/INFO]: [SpigotLibraryLoader] [SCore] Loaded library /workspaces/hola-v/servidor_minecraft/libraries/io/netty/netty-transport-native-epoll/4.1.118.Final/netty-transport-native-epoll-4.1.118.Final-linux-x86_64.jar
[23:28:14] [Server thread/INFO]: [SpigotLibraryLoader] [SCore] Loaded library /workspaces/hola-v/servidor_minecraft/libraries/io/netty/netty-transport-native-epoll/4.1.118.Final/netty-transport-native-epoll-4.1.118.Final-linux-aarch_64.jar
[23:28:14] [Server thread/INFO]: [SpigotLibraryLoader] [SCore] Loaded library /workspaces/hola-v/servidor_minecraft/libraries/io/netty/netty-transport-native-epoll/4.1.118.Final/netty-transport-native-epoll-4.1.118.Final-linux-riscv64.jar
[23:28:14] [Server thread/INFO]: [SpigotLibraryLoader] [SCore] Loaded library /workspaces/hola-v/servidor_minecraft/libraries/io/netty/netty-transport-native-kqueue/4.1.118.Final/netty-transport-native-kqueue-4.1.118.Final-osx-x86_64.jar
[23:28:14] [Server thread/INFO]: [SpigotLibraryLoader] [SCore] Loaded library /workspaces/hola-v/servidor_minecraft/libraries/io/netty/netty-transport-native-kqueue/4.1.118.Final/netty-transport-native-kqueue-4.1.118.Final-osx-aarch_64.jar
[23:28:14] [Server thread/INFO]: [SpigotLibraryLoader] [SCore] Loaded library /workspaces/hola-v/servidor_minecraft/libraries/io/netty/netty-resolver-dns-native-macos/4.1.118.Final/netty-resolver-dns-native-macos-4.1.118.Final-osx-x86_64.jar
[23:28:14] [Server thread/INFO]: [SpigotLibraryLoader] [SCore] Loaded library /workspaces/hola-v/servidor_minecraft/libraries/io/netty/netty-resolver-dns-native-macos/4.1.118.Final/netty-resolver-dns-native-macos-4.1.118.Final-osx-aarch_64.jar
[23:28:15] [Server thread/INFO]: [LuckPerms] Loading server plugin LuckPerms v5.4.131
[23:28:15] [Server thread/INFO]: [Vault] Loading server plugin Vault v1.7.3-b131
[23:28:15] [Server thread/INFO]: [WorldEdit] Loading server plugin WorldEdit v7.3.9+6959-7adf70b
[23:28:17] [Server thread/INFO]: Got request to register class com.sk89q.worldedit.bukkit.BukkitServerInterface with WorldEdit [com.sk89q.worldedit.extension.platform.PlatformManager@7cae3d02]
[23:28:17] [Server thread/INFO]: [WorldGuard] Loading server plugin WorldGuard v7.0.12+829a4a4
[23:28:17] [Server thread/INFO]: [ProtocolLib] Loading server plugin ProtocolLib v5.4.0
[23:28:18] [Server thread/INFO]: [PlaceholderAPI] Loading server plugin PlaceholderAPI v2.11.6
[23:28:18] [Server thread/INFO]: [SCore] Loading server plugin SCore v5.25.10.21
[23:28:18] [Server thread/INFO]: [nLogin] Loading server plugin nLogin v10.4.22
[23:28:18] [Server thread/INFO]: [GrimAC] Loading server plugin GrimAC v2.3.72
[23:28:18] [Server thread/INFO]: [GrimAC] Loading PacketEvents...
[23:28:21] [Server thread/INFO]: [AdvancedBan] Loading server plugin AdvancedBan v2.3.0
[23:28:21] [Server thread/INFO]: [nonchat] Loading server plugin nonchat v1.5.4
[23:28:21] [Server thread/INFO]: [TAB] Loading server plugin TAB v5.3.2
[23:28:21] [Server thread/INFO]: [Admin-GUI] Loading server plugin Admin-GUI v1.9.0
[23:28:21] [Server thread/INFO]: [ExecutableItems] Loading server plugin ExecutableItems v7.25.10.21
[23:28:21] [Server thread/INFO]: [SkinsRestorer] Loading server plugin SkinsRestorer v15.8.2
[23:28:21] [Server thread/INFO]: Server permissions file permissions.yml is empty, ignoring it
[23:28:21] [Server thread/INFO]: [LuckPerms] Enabling LuckPerms v5.4.131
[23:28:21] [Server thread/INFO]:         __    
[23:28:21] [Server thread/INFO]:   |    |__)   LuckPerms v5.4.131
[23:28:21] [Server thread/INFO]:   |___ |      Running on Bukkit - Paper
[23:28:21] [Server thread/INFO]: 
[23:28:21] [Server thread/INFO]: [LuckPerms] Loading configuration...
[23:28:22] [Server thread/INFO]: [LuckPerms] Loading storage provider... [H2]
[23:28:22] [Server thread/INFO]: [LuckPerms] Loading internal permission managers...
[23:28:22] [Server thread/INFO]: [LuckPerms] Performing initial data load...
[23:28:22] [Server thread/INFO]: [LuckPerms] Successfully enabled. (took 1672ms)
[23:28:22] [Server thread/INFO]: [Vault] Enabling Vault v1.7.3-b131
[23:28:23] [Server thread/INFO]: [Vault] [Permission] SuperPermissions loaded as backup permission system.
[23:28:23] [Server thread/INFO]: [Vault] Enabled Version 1.7.3-b131
[23:28:23] [Server thread/INFO]: [LuckPerms] Registered Vault permission & chat hook.
[23:28:23] [Server thread/INFO]: [WorldEdit] Enabling WorldEdit v7.3.9+6959-7adf70b
[23:28:23] [Server thread/INFO]: Registering commands with com.sk89q.worldedit.bukkit.BukkitServerInterface
[23:28:24] [Server thread/INFO]: WEPIF: Vault detected! Using Vault for permissions
[23:28:24] [Server thread/INFO]: Using com.sk89q.worldedit.bukkit.adapter.impl.v1_21.PaperweightAdapter as the Bukkit adapter
[23:28:25] [Server thread/INFO]: [ProtocolLib] Enabling ProtocolLib v5.4.0
[23:28:25] [Server thread/INFO]: [nLogin] Enabling nLogin v10.4.22
[23:28:26] [Server thread/INFO]: [nLogin] Successful plugin core start (took 0.26s)
[23:28:26] [Server thread/INFO]:           __             _       
[23:28:26] [Server thread/INFO]:   _ __   / /  ___   __ _(_)_ __  
[23:28:26] [Server thread/INFO]:  | '_ \ / /  / _ \ / _` | | '_ \ 
[23:28:26] [Server thread/INFO]:  | | | / /__| (_) | (_| | | | | |
[23:28:26] [Server thread/INFO]:  |_| |_\____/\___/ \__, |_|_| |_|
[23:28:26] [Server thread/INFO]:                   |___/            
[23:28:26] [Server thread/INFO]:  By: www.nickuc.com - V 10.4.23 DEVELOPMENT
[23:28:26] [Server thread/INFO]:  
[23:28:26] [Server thread/INFO]: [nonchat] Enabling nonchat v1.5.4
[23:28:26] [Server thread/INFO]: [nonchat] Configuration reloaded successfully
[23:28:27] [Server thread/INFO]: [nonchat] Core services initialized successfully
[23:28:27] [Server thread/INFO]: [PlaceholderAPI] Successfully registered internal expansion: nonchat [1.5.4]
[23:28:27] [Server thread/INFO]: [nonchat] PlaceholderAPI expansion registered successfully
[23:28:27] [Server thread/INFO]: [nonchat] Event listeners registered successfully
[23:28:27] [Server thread/INFO]: [nonchat] LuckPerms integration enabled
[23:28:27] [Server thread/INFO]: [nonchat] Vault Economy not available - economy features will be disabled
[23:28:27] [Server thread/INFO]: [nonchat] PlaceholderAPI integration enabled
[23:28:27] [Server thread/INFO]: [nonchat] Metrics initialized successfully
[23:28:27] [Server thread/INFO]: [nonchat] DiscordSRV not available - Discord integration will be disabled
[23:28:27] [Server thread/INFO]: [nonchat] Initializing update checker...
[23:28:27] [Server thread/INFO]: [nonchat] Update checker initialized successfully
[23:28:27] [Server thread/INFO]: [nonchat] plugin enabled
[23:28:27] [Server thread/INFO]: [SkinsRestorer] Enabling SkinsRestorer v15.8.2
[23:28:28] [Server thread/INFO]: [SkinsRestorer] Running on Minecraft 1.21.0.
[23:28:29] [Server thread/INFO]: [SkinsRestorer] Using paper join listener!
[23:28:29] [Server thread/INFO]: [PlaceholderAPI] Successfully registered internal expansion: skinsrestorer [15.8.2]
[23:28:29] [Server thread/INFO]: [SkinsRestorer] PlaceholderAPI expansion registered!
[23:28:29] [Server thread/WARN]: **** SERVER IS RUNNING IN OFFLINE/INSECURE MODE!
[23:28:29] [Server thread/WARN]: The server will make no attempt to authenticate usernames. Beware.
[23:28:29] [Server thread/WARN]: While this makes the game possible to play without internet access, it also opens up the ability for hackers to connect with any username they choose.
[23:28:29] [Server thread/WARN]: To change this, set "online-mode" to "true" in the server.properties file.
[23:28:29] [Server thread/INFO]: Preparing level "world"
[23:28:29] [Folia Async Scheduler Thread #3/INFO]: [SkinsRestorer] ----------------------------------------------
[23:28:29] [Folia Async Scheduler Thread #3/INFO]: [SkinsRestorer]     +==================+
[23:28:29] [Folia Async Scheduler Thread #3/INFO]: [SkinsRestorer]     |   SkinsRestorer  |
[23:28:29] [Folia Async Scheduler Thread #3/INFO]: [SkinsRestorer]     |------------------|
[23:28:29] [Folia Async Scheduler Thread #3/INFO]: [SkinsRestorer]     |  Standalone Mode |
[23:28:29] [Folia Async Scheduler Thread #3/INFO]: [SkinsRestorer]     +==================+
[23:28:29] [Folia Async Scheduler Thread #3/INFO]: [SkinsRestorer] ----------------------------------------------
[23:28:29] [Folia Async Scheduler Thread #3/INFO]: [SkinsRestorer]     Version: 15.8.2
[23:28:29] [Folia Async Scheduler Thread #3/INFO]: [SkinsRestorer]     Commit: cf773a3
[23:28:29] [Folia Async Scheduler Thread #3/INFO]: [SkinsRestorer]     This is the latest version!
[23:28:29] [Folia Async Scheduler Thread #3/INFO]: [SkinsRestorer] ----------------------------------------------
[23:28:29] [Folia Async Scheduler Thread #3/INFO]: [SkinsRestorer] Do you have issues? Read our troubleshooting guide: https://skinsrestorer.net/docs/troubleshooting
[23:28:29] [Folia Async Scheduler Thread #3/INFO]: [SkinsRestorer] Want to support SkinsRestorer? Consider donating: https://skinsrestorer.net/donate
[23:28:30] [Server thread/INFO]: Preparing start region for dimension minecraft:overworld
[23:28:30] [Server thread/INFO]: Time elapsed: 857 ms
[23:28:30] [Server thread/INFO]: Preparing start region for dimension minecraft:the_nether
[23:28:31] [Server thread/INFO]: Time elapsed: 184 ms
[23:28:31] [Server thread/INFO]: Preparing start region for dimension minecraft:the_end
[23:28:31] [Server thread/INFO]: Time elapsed: 112 ms
[23:28:31] [Server thread/INFO]: [WorldGuard] Enabling WorldGuard v7.0.12+829a4a4
[23:28:31] [Server thread/INFO]: [WorldGuard] (world) TNT ignition is PERMITTED.
[23:28:31] [Server thread/INFO]: [WorldGuard] (world) Lighters are PERMITTED.
[23:28:31] [Server thread/INFO]: [WorldGuard] (world) Lava fire is PERMITTED.
[23:28:31] [Server thread/INFO]: [WorldGuard] (world) Fire spread is UNRESTRICTED.
[23:28:31] [Server thread/INFO]: [WorldGuard] Loaded configuration for world 'world'
[23:28:31] [Server thread/INFO]: [WorldGuard] (world_nether) TNT ignition is PERMITTED.
[23:28:31] [Server thread/INFO]: [WorldGuard] (world_nether) Lighters are PERMITTED.
[23:28:31] [Server thread/INFO]: [WorldGuard] (world_nether) Lava fire is PERMITTED.
[23:28:31] [Server thread/INFO]: [WorldGuard] (world_nether) Fire spread is UNRESTRICTED.
[23:28:31] [Server thread/INFO]: [WorldGuard] Loaded configuration for world 'world_nether'
[23:28:31] [Server thread/INFO]: [WorldGuard] (world_the_end) TNT ignition is PERMITTED.
[23:28:31] [Server thread/INFO]: [WorldGuard] (world_the_end) Lighters are PERMITTED.
[23:28:31] [Server thread/INFO]: [WorldGuard] (world_the_end) Lava fire is PERMITTED.
[23:28:31] [Server thread/INFO]: [WorldGuard] (world_the_end) Fire spread is UNRESTRICTED.
[23:28:31] [Server thread/INFO]: [WorldGuard] Loaded configuration for world 'world_the_end'
[23:28:31] [Server thread/INFO]: [WorldGuard] Loading region data...
[23:28:32] [Server thread/INFO]: [PlaceholderAPI] Enabling PlaceholderAPI v2.11.6
[23:28:32] [Server thread/INFO]: [PlaceholderAPI] Fetching available expansion information...
[23:28:32] [Server thread/INFO]: [SCore] Enabling SCore v5.25.10.21
[23:28:32] [Server thread/INFO]: SCore The library part of SCore is initializing ... (by SCore)
[23:28:32] [Server thread/INFO]: SCore ExecutableItems hooked !  (7.25.10.21) Load After
[23:28:32] [Server thread/INFO]: SCore PlaceholderAPI hooked !  (2.11.6)  Load Before
[23:28:32] [Server thread/INFO]: SCore WorldGuard hooked !  (7.0.12+829a4a4)  Load Before
[23:28:32] [Server thread/INFO]: SCore Vault hooked !  (1.7.3-b131)  Load Before
[23:28:32] [Server thread/INFO]: SCore ProtocolLib hooked !
[23:28:32] [Server thread/INFO]: SCore Locale setup: ES
[23:28:32] [Server thread/INFO]: SCore TAB hooked !  (5.3.2) Load After
[23:28:32] [Server thread/INFO]: SCore WorldEdit hooked !  (7.3.9+6959-7adf70b)  Load Before
[23:28:32] [Server thread/INFO]: SCore Language of the editor setup on ES
[23:28:32] [Server thread/INFO]: SCore will connect to the database hosted: In Local
[23:28:32] [Server thread/INFO]: SCore Connection to the db...
[23:28:32] [Server thread/INFO]: SCore will connect to the database hosted: In Local
[23:28:32] [Server thread/INFO]: SCore Creating table SecurityOP if not exists...
[23:28:32] [Server thread/INFO]: SCore Creating table Commands if not exists...
[23:28:32] [Server thread/INFO]: SCore Creating table Cooldowns if not exists...
[23:28:32] [Server thread/INFO]: SCore Creating table Commands Player if not exists...
[23:28:32] [Server thread/INFO]: SCore Creating table Commands Entity if not exists...
[23:28:32] [Server thread/INFO]: SCore Creating table Commands Block if not exists...
[23:28:32] [Server thread/INFO]: SCore Creating table UsePerDay if not exists...
[23:28:32] [Server thread/INFO]: SCore SCore loaded 0 delayed commands saved
[23:28:32] [Server thread/INFO]: ================ SCore ================
[23:28:32] [Server thread/INFO]: SCore is running on Folia
[23:28:32] [Server thread/INFO]: SCore is running on Paper or fork
[23:28:32] [Server thread/INFO]: SCore Version of the server 1.21-130-b1b5d4c (MC: 1.21) !
[23:28:32] [Server thread/INFO]: SCore Language for in-game messages setup on ES
[23:28:32] [Server thread/INFO]: SCore No feature Translation found for setting: ifEntityInRegion in ES
[23:28:33] [Server thread/INFO]: SCore No feature Translation found for setting: ifEntityIsInWater in ES
[23:28:33] [Server thread/INFO]: SCore No feature Translation found for setting: ifEntityIsInLava in ES
[23:28:33] [Server thread/INFO]: SCore No feature Translation found for setting: ifEntityAge in ES
[23:28:33] [Server thread/INFO]: SCore No feature Translation found for setting: ifEntityLastDamageCause in ES
[23:28:33] [Server thread/INFO]: SCore No feature Translation found for setting: ifEntityVelocity in ES
[23:28:33] [Server thread/INFO]: SCore No feature Translation found for setting: ifNotEntityInRegion in ES
[23:28:33] [Server thread/INFO]: SCore No feature Translation found for setting: ifPlayerIsRiding in ES
[23:28:33] [Server thread/INFO]: SCore No feature Translation found for setting: ifPlayerLastDamage in ES
[23:28:33] [Server thread/INFO]: SCore No feature Translation found for setting: ifPlayerOxygen in ES
[23:28:33] [Server thread/INFO]: SCore No feature Translation found for setting: ifPlayerBedSpawnLocationX in ES
[23:28:33] [Server thread/INFO]: SCore No feature Translation found for setting: ifPlayerBedSpawnLocationY in ES
[23:28:33] [Server thread/INFO]: SCore No feature Translation found for setting: ifPlayerBedSpawnLocationZ in ES
[23:28:33] [Server thread/INFO]: SCore No feature Translation found for setting: ifSheepColor in ES
[23:28:33] [Server thread/INFO]: SCore No feature Translation found for setting: input1ItemCheckers in ES
[23:28:33] [Server thread/INFO]: SCore No feature Translation found for setting: input2ItemCheckers in ES
[23:28:33] [Server thread/INFO]: SCore No feature Translation found for setting: input3ItemCheckers in ES
[23:28:33] [Server thread/INFO]: SCore No feature Translation found for setting: input4ItemCheckers in ES
[23:28:33] [Server thread/INFO]: SCore No feature Translation found for setting: input5ItemCheckers in ES
[23:28:33] [Server thread/INFO]: SCore No feature Translation found for setting: input6ItemCheckers in ES
[23:28:33] [Server thread/INFO]: SCore No feature Translation found for setting: input7ItemCheckers in ES
[23:28:33] [Server thread/INFO]: SCore No feature Translation found for setting: input8ItemCheckers in ES
[23:28:33] [Server thread/INFO]: SCore No feature Translation found for setting: input9ItemCheckers in ES
[23:28:33] [Server thread/INFO]: SCore No feature Translation found for setting: enable in ES
[23:28:33] [Server thread/INFO]: SCore No feature Translation found for setting: updateTooltipModel in ES
[23:28:33] [Server thread/INFO]: SCore No feature Translation found for setting: damageReductions in ES
[23:28:33] [Server thread/INFO]: SCore No feature Translation found for setting: damageReduction in ES
[23:28:33] [Server thread/INFO]: SCore No feature Translation found for setting: baseDamageBlocked in ES
[23:28:33] [Server thread/INFO]: SCore No feature Translation found for setting: factorDamageBlocked in ES
[23:28:33] [Server thread/INFO]: SCore No feature Translation found for setting: horizontalBlockingAngle in ES
[23:28:33] [Server thread/INFO]: SCore No feature Translation found for setting: damageTypes in ES
[23:28:33] [Server thread/INFO]: SCore No feature Translation found for setting: blockAttacksFeatures in ES
[23:28:33] [Server thread/INFO]: SCore No feature Translation found for setting: blockDelay in ES
[23:28:33] [Server thread/INFO]: SCore No feature Translation found for setting: blockSound in ES
[23:28:33] [Server thread/INFO]: SCore No feature Translation found for setting: disableSound in ES
[23:28:33] [Server thread/INFO]: SCore No feature Translation found for setting: disableCooldownScale in ES
[23:28:33] [Server thread/INFO]: SCore No feature Translation found for setting: bypassedBy in ES
[23:28:33] [Server thread/INFO]: SCore No feature Translation found for setting: itemTextures in ES
[23:28:33] [Server thread/INFO]: SCore No feature Translation found for setting: itemAdvancedComponents in ES
[23:28:33] [Server thread/INFO]: SCore No feature Translation found for setting: ifGameMode in ES
[23:28:33] [Server thread/INFO]: SCore No feature Translation found for setting: suspiciousBlockLoot in ES
[23:28:33] [Server thread/INFO]: SCore SCore loaded 1 variables from local files !
[23:28:33] [Server thread/INFO]: [PlaceholderAPI] Successfully registered internal expansion: SCore [1.0.0]
[23:28:33] [Server thread/INFO]: ================ SCore ================
[23:28:33] [Server thread/INFO]: [GrimAC] Enabling GrimAC v2.3.72
[23:28:33] [Server thread/INFO]: [GrimAC] Registering packets...
[23:28:33] [Server thread/INFO]: [GrimAC] Registering tick schedulers...
[23:28:34] [Server thread/INFO]: Grim Version: 2.3.72
[23:28:34] [Server thread/INFO]: [GrimAC] Registering singular bukkit event... (PistonEvent)
[23:28:34] [Server thread/INFO]: [PlaceholderAPI] Successfully registered internal expansion: grim [2.3.72]
[23:28:34] [Server thread/INFO]: [AdvancedBan] Enabling AdvancedBan v2.3.0
[23:28:34] [Server thread/INFO]: [me.leoko.advancedban.shaded.com.zaxxer.hikari.HikariDataSource] HikariPool-1 - Starting...
[23:28:36] [Server thread/INFO]: [me.leoko.advancedban.shaded.com.zaxxer.hikari.pool.PoolBase] HikariPool-1 - Driver does not support get/set network timeout for connections. (feature not supported)
[23:28:36] [Server thread/INFO]: [me.leoko.advancedban.shaded.com.zaxxer.hikari.HikariDataSource] HikariPool-1 - Start completed.
[23:28:37] [Server thread/INFO]: 
 
[]=====[Enabling AdvancedBan]=====[]
| Information:
|   Name: AdvancedBan
|   Developer: Leoko
|   Version: 2.3.0
|   Storage: HSQLDB (local)
| Support:
|   Github: https://github.com/DevLeoko/AdvancedBan/issues
|   Discord: https://discord.gg/ycDG6rS
| Twitter: @LeokoGar
| Update:
|   You have the newest version
[]================================[]
 
[23:28:37] [Server thread/INFO]: [TAB] Enabling TAB v5.3.2
[23:28:37] [Server thread/INFO]: [TAB] Enabled in 639ms
[23:28:37] [Server thread/INFO]: [Admin-GUI] Enabling Admin-GUI v1.9.0
[23:28:38] [Server thread/INFO]: [ExecutableItems] Enabling ExecutableItems v7.25.10.21
[23:28:38] [Server thread/INFO]: ================ ExecutableItems ================
[23:28:38] [Server thread/WARN]: [ExecutableItems] No pack found in the folder __textures__
[23:28:38] [Server thread/INFO]: ExecutableItems No resources found at path: com/ssomar/executableitems/configs/items/
[23:28:39] [Server thread/INFO]: ExecutableItems Amount of Executable Items configurations loaded: 1
[23:28:39] [Server thread/INFO]: ExecutableItems Items with display conditions :  
[23:28:39] [Server thread/INFO]: ================ ExecutableItems ================
[23:28:39] [Server thread/INFO]: [PlaceholderAPI] Successfully registered internal expansion: ExecutableItems [1.0.0]
[23:28:39] [Server thread/INFO]: [spark] Starting background profiler...
[23:28:39] [Server thread/INFO]: [PlaceholderAPI] Placeholder expansion registration initializing...
[23:28:39] [Server thread/INFO]: Done preparing level "world" (10.596s)
[23:28:39] [Server thread/INFO]: Running delayed init tasks
[23:28:39] [Server thread/INFO]: Done (35.179s)! For help, type "help"
[23:28:39] [Craft Scheduler Thread - 6 - Admin-GUI/INFO]: 

[]===========[Enabling AdminGUI]===========[]
|
| Information:
|
|   Name: AdminGUI
|   Developer: Black1_TV
|   Version: 1.9.0 (FREE)
|   Website: https://rabbit-company.com
|
| Sponsors:
|
|   - https://rabbitserverlist.com
|
| Support:
|
|   Discord: ziga.zajc007
|   Mail: ziga.zajc007@gmail.com
|   Discord: https://discord.gg/hUNymXX
|
[]=========================================[]

[23:28:39] [Server thread/INFO]: Timings Reset
[23:28:39] [Server thread/INFO]: [PlaceholderAPI] Successfully registered external expansion: world [1.2.3]
[23:28:39] [Server thread/INFO]: [PlaceholderAPI] Successfully registered external expansion: player [2.0.8]
[23:28:39] [Craft Scheduler Thread - 6 - Vault/INFO]: [Vault] Checking for Updates ... 
[23:28:39] [Craft Scheduler Thread - 2 - nonchat/INFO]: This message will be sent every 60 seconds
[23:28:39] [Server thread/INFO]: [PlaceholderAPI] Successfully registered external expansion: luckperms [5.4-R2]
[23:28:39] [Server thread/INFO]: [PlaceholderAPI] Successfully registered external expansion: statistic [2.0.2]
[23:28:39] [Server thread/INFO]: [PlaceholderAPI] Successfully registered external expansion: server [2.7.3]
[23:28:39] [Server thread/INFO]: 5 placeholder hook(s) registered!
[23:28:39] [Craft Scheduler Thread - 6 - Vault/INFO]: [Vault] No new version available
[23:28:40] [Craft Scheduler Thread - 5 - GrimAC/INFO]: You are using the latest version of GrimAC
[23:28:42] [User Authenticator #0/INFO]: UUID of player AL5PT is 3678aaa4-193c-3005-aadb-5e617b75fe27
[23:28:45] [Server thread/INFO]: (+) OWNER  AL5PT 
[23:28:45] [Server thread/INFO]: AL5PT[/127.101.128.240:33123] logged in with entity id 1 at ([world]-76.87440100210986, 123.0, -251.71799093542072)
[23:28:45] [Netty Epoll Server IO #1/INFO]: [ac.grim.grimac.shaded.com.github.retrooper.packetevents.PacketEventsAPI] Loading block mappings for V_1_20_5/15...
[23:28:46] [Netty Epoll Server IO #1/INFO]: [ac.grim.grimac.shaded.com.github.retrooper.packetevents.PacketEventsAPI] Finished loading block mappings for V_1_20_5/15 in 383.106107ms
[23:28:56] [Folia Async Scheduler Thread #2/INFO]: [nLogin] The user AL5PT has successfully logged in.
[23:29:00] [Server thread/INFO]: AL5PT issued server command: /deop AL5PT
[23:29:00] [Server thread/INFO]: [AL5PT: Made AL5PT no longer a server operator]
[23:29:07] [Server thread/INFO]: Unknown or incomplete command, see below for error
/tempban AL5PT 1s hacks<--[HERE]
[23:29:27] [Server thread/INFO]: AL5PT lost connection: Disconnected
[23:29:27] [Server thread/INFO]: (-) OWNER  AL5PT 
[23:29:27] [Server thread/INFO]: Stopping server
[23:29:27] [Server thread/INFO]: [SkinsRestorer] Disabling SkinsRestorer v15.8.2
[23:29:27] [Server thread/INFO]: [ExecutableItems] Disabling ExecutableItems v7.25.10.21
[23:29:27] [Server thread/INFO]: [Admin-GUI] Disabling Admin-GUI v1.9.0
[23:29:27] [Server thread/INFO]: 

[]===========[Disabling AdminGUI]===========[]
|
| Information:
|
|   Name: AdminGUI
|   Developer: Black1_TV
|   Version: 1.9.0 (FREE)
|   Website: https://rabbit-company.com
|
| Sponsors:
|
|   - https://rabbitserverlist.com
|
| Support:
|
|   Discord: ziga.zajc007
|   Mail: ziga.zajc007@gmail.com
|   Discord: https://discord.gg/hUNymXX
|
[]=========================================[]

[23:29:27] [Server thread/INFO]: [TAB] Disabling TAB v5.3.2
[23:29:27] [Server thread/INFO]: [TAB] Disabled in 1ms
[23:29:27] [Server thread/INFO]: [nonchat] Disabling nonchat v1.5.4
[23:29:27] [Server thread/INFO]: [nonchat] plugin disabled
[23:29:27] [Server thread/INFO]: [AdvancedBan] Disabling AdvancedBan v2.3.0
[23:29:27] [Server thread/INFO]: [hsqldb.db.HSQLDB9A1DAE0541.ENGINE] Database closed
[23:29:27] [Server thread/INFO]: [me.leoko.advancedban.shaded.com.zaxxer.hikari.HikariDataSource] HikariPool-1 - Shutdown initiated...
[23:29:27] [Server thread/INFO]: [me.leoko.advancedban.shaded.com.zaxxer.hikari.HikariDataSource] HikariPool-1 - Shutdown completed.
[23:29:27] [Server thread/INFO]: 
 
[]=====[Disabling AdvancedBan]=====[]
| Information:
|   Name: AdvancedBan
|   Developer: Leoko
|   Version: 2.3.0
|   Storage: HSQLDB (local)
| Support:
|   Github: https://github.com/DevLeoko/AdvancedBan/issues
|   Discord: https://discord.gg/ycDG6rS
| Twitter: @LeokoGar
[]================================[]
 
[23:29:27] [Server thread/INFO]: [GrimAC] Disabling GrimAC v2.3.72
[23:29:27] [Server thread/INFO]: [GrimAC] Terminating PacketEvents...
[23:29:27] [Server thread/INFO]: [nLogin] Disabling nLogin v10.4.22
[23:29:27] [Server thread/INFO]: [nLogin] Successful plugin core shutdown (took 0.00s)
[23:29:27] [Server thread/INFO]: [SCore] Disabling SCore v5.25.10.21
[23:29:27] [Server thread/INFO]: SCore Save UsagePerDay....
[23:29:27] [Server thread/INFO]: SCore Save UsagePerDay done !
[23:29:27] [Server thread/INFO]: SCore Save Commands...
[23:29:27] [Server thread/INFO]: SCore Save Commands done !
[23:29:27] [Server thread/INFO]: SCore Save Cooldowns...
[23:29:27] [Server thread/INFO]: SCore 0 cooldowns saved
[23:29:27] [Server thread/INFO]: SCore Save Cooldowns done !
[23:29:27] [Server thread/INFO]: SCore Run delayed saving tasks...
[23:29:27] [Server thread/INFO]: SCore Run delayed saving tasks done !
